list
30 21
140 91
188 127
208 171
145 103
308 269
431 456
655 644
1203 2093
2521 6059
5214 17167
5180 17382
9312 39470
19756 182377
37779 468379
65812 1.26926e+06
124660 2.94242e+06
130862 3.58572e+06
160729 5.03315e+06
302271 1.26634e+07
275090 1.16745e+07
344365 1.64337e+07
473767 2.68018e+07
606302 3.97755e+07
hash
30 25
140 81
188 105
208 119
145 80
308 176
431 260
655 363
1203 707
2521 1637
5214 3363
5180 3675
9312 6674
19756 18304
37779 41227
65812 104798
124660 169352
130862 201386
160729 253724
302271 470638
275090 401416
344365 592920
473767 868518
606302 1.25574e+06
